C51 COMPILER V9.00   MAIN                                                                  11/27/2019 16:31:07 PAGE 1   


C51 COMPILER V9.00, COMPILATION OF MODULE MAIN
OBJECT MODULE PLACED IN main.OBJ
COMPILER INVOKED BY: H:\C51\BIN\C51.EXE main.c BROWSE DEBUG OBJECTEXTEND

line level    source

   1          //从机――显示数码管       num   (新的)
   2          #include<reg51.h> 
   3          #define uint unsigned int 
   4          #define uchar unsigned char   
   5          uchar data fasong[6]={0,0,0,0,0,0};
   6          uchar buf[6],num;
   7          uchar i,temp,aa,miao,fen,shi,play=0; 
   8          uchar shige,shishi,fenge,fenshi,miaoge,miaoshi;
   9          void display(uchar miao,uchar fen,uchar shi); // 显示时钟
  10          void play_display(); // 暂停 / 开始函数
  11          void delay(uint z); // 延时函数
  12          void init(); // 初始化函数
  13          
  14          uchar code table[]={0x3f,0x06,0x5b,0x4f,0x66, 0x6d,0x7d,0x07,0x7f,0x6f}; 
  15          
  16          //void send(unsigned char dat)            //数据发送程序
  17          //{
  18          //      SBUF=dat;                           //将要发送的数据存入发送缓冲器中
  19          //      while(TI==0);                       //若发送中断标志位没有置1(正在发送数据)，就等待
  20          //
  21          //      TI=0;                               //若发送完成，TI自动置1，这里把它清零
  22          //}
  23          
  24          void delay(uint z) 
  25          { 
  26   1      uint x,y; 
  27   1      for(x=z;x>0;x--) 
  28   1      for(y=110;y>0;y--); 
  29   1      }
  30          
  31          unsigned char receive(void)         //数据接收函数
  32          {
  33   1              unsigned char dat;
  34   1              
  35   1              while(RI==0);                   //数据没有接收完毕时等待接收
  36   1              RI=0;                           //接收完毕时清零
  37   1              dat=SBUF;                       //将接收缓冲器中的数据存入dat
  38   1              return dat;                     //将接收到的数据返回
  39   1      }
  40          
  41          
  42          void main(void)
  43          {  
  44   1              TMOD=0x21;                     //设置定时器T1工作于方式2
  45   1              SCON=0x50;                     //串口工作方式1，允许接收数据
  46   1              PCON=0x00;                     //波特率不倍增
  47   1              TH1=0xf4;                      //波特率为2400b/s
  48   1              TL1=0xf4;
  49   1              TR1=1;                         //启动定时器T1
  50   1              ES = 1; 
  51   1              EA = 1;
  52   1              while(1)
  53   1              {
  54   2        {      
  55   3                      for(i=0;i<6;i++)
C51 COMPILER V9.00   MAIN                                                                  11/27/2019 16:31:07 PAGE 2   

  56   3                      { 
  57   4      shishi =buf[0];  
  58   4      shige =buf[1];  
  59   4      fenshi=buf[2];  
  60   4      fenge =buf[3];  
  61   4      miaoshi =buf[4];  
  62   4      miaoge=buf[5]; 
  63   4                      }
  64   3      
  65   3      
  66   3      display(miao,fen,shi);  //这里可能有错 ，可能要写成个位+十位  //经过测试，现在只有他在工作 
  67   3                              }
  68   2              }
  69   1      }
  70          /////////////////////////////////////////////////////////////////////////////
  71          void display(uchar miao,uchar fen,uchar shi) // 显示子函数
  72          {
  73   1      
  74   1      P0=0x00; // 显示秒个位
  75   1      P0=table[miaoge]; 
  76   1      P2=0x7f; 
  77   1      delay(1); 
  78   1      P0=0x00; // 显示秒十位
  79   1      P0=table[miaoshi]; 
  80   1      P2=0xbf; 
  81   1      delay(1); 
  82   1      P0=0x00; // 显示 "-" 
  83   1      P0=0x40; 
  84   1      P2=0xdf; 
  85   1      delay(1); 
  86   1      P0=0x00; // 显示分个位
  87   1      P0=table[fenge]; 
  88   1      P2=0xef; 
  89   1      delay(1); 
  90   1      P0=0x00; // 显示分十位
  91   1      P0=table[fenshi]; 
  92   1      P2=0xf7; 
  93   1      delay(1); 
  94   1      P0=0x00; // 显示 "-" 
  95   1      P0=0x40; 
  96   1      P2=0xfb; 
  97   1      delay(1); 
  98   1      P0=0x00; // 显示时个位
  99   1      P0=table[shige]; 
 100   1      P2=0xfd; 
 101   1      delay(1); 
 102   1      P0=0x00; // 显示时十位
 103   1      P0=table[shishi]; 
 104   1      P2=0xfe; 
 105   1      delay(1); 
 106   1      } 
*** WARNING C280 IN LINE 71 OF MAIN.C: 'miao': unreferenced local variable
*** WARNING C280 IN LINE 71 OF MAIN.C: 'fen': unreferenced local variable
*** WARNING C280 IN LINE 71 OF MAIN.C: 'shi': unreferenced local variable
 107          //////////////////////////////////////////////////////////////
 108          
 109          ///////////////////////////////////////////////////////
 110          
 111          
 112          void ser_isr() interrupt 4
 113          {
 114   1      static unsigned char tou = 0x00;
C51 COMPILER V9.00   MAIN                                                                  11/27/2019 16:31:07 PAGE 3   

 115   1      static unsigned char flag = 0;
 116   1      
 117   1      RI=0;
 118   1      tou = SBUF;     
 119   1      if(flag == 1 )
 120   1      { 
 121   2              buf[num]=SBUF;
 122   2              num++;
 123   2              if(num == 6 )
 124   2              {
 125   3                      num = 0;
 126   3                      flag = 0;
 127   3              }
 128   2      }
 129   1      if ( tou == 0x55 )
 130   1      flag = 1;
 131   1      
 132   1      }
 133          
 134          
 135          


MODULE INFORMATION:   STATIC OVERLAYABLE
   CODE SIZE        =    283    ----
   CONSTANT SIZE    =     10    ----
   XDATA SIZE       =   ----    ----
   PDATA SIZE       =   ----    ----
   DATA SIZE        =     28       3
   IDATA SIZE       =   ----    ----
   BIT SIZE         =   ----    ----
END OF MODULE INFORMATION.


C51 COMPILATION COMPLETE.  3 WARNING(S),  0 ERROR(S)
