C51 COMPILER V9.59.0.0   MAIN                                                              01/05/2023 20:06:19 PAGE 1   


C51 COMPILER V9.59.0.0, COMPILATION OF MODULE MAIN
OBJECT MODULE PLACED IN .\Objects\main.obj
COMPILER INVOKED BY: D:\App\keil_v5\C51\BIN\C51.EXE main.c OPTIMIZE(8,SPEED) BROWSE DEBUG OBJECTEXTEND PRINT(.\Listings\
                    -main.lst) TABS(2) OBJECT(.\Objects\main.obj)

line level    source

   1            #include <reg52.h>
   2            //对系统默认数据类型进行重定义
   3            typedef unsigned char u8;
   4            typedef unsigned int u16;
   5            #define KEY_MATRIX_PORT P1   //使用宏定义矩阵按键控制口
   6            #define SMG_DX_PORT P0       //使用宏定义数码管段码口
   7            
   8            sbit LSA=P2^2;
   9            sbit LSB=P2^3;
  10            sbit LSC=P2^4;
  11            //共阴极数码管显示F~0 的段码数据
  12            u8 smg_code[17]=
  13            {
  14                0x71,0x79,0x5e,0x39,
  15                0x7c,0x77,0x6f,0x7f,
  16                0x07,0x7d,0x6d,0x66,
  17                0x4f,0x5b,0x06,0x3f
  18            };
  19            //对应矩形按键
  20            u8 code KEY_TABLE[] =
  21            {
  22                0x77, 0x7B, 0x7D, 0x7E,
  23                0xB7, 0xBB, 0xBD, 0xBE,
  24                0xD7, 0xDB, 0xDD, 0xDE,
  25                0xE7, 0xEB, 0xED, 0xEE
  26            };
  27            u8 string[8]={0,0,0,0,0,0,0,0};
  28            
  29              void delay_10us(u16 ten_us)
  30            {
  31   1          while(ten_us--);
  32   1        }
  33            //数码管扫描
  34            void smg()
  35            {
  36   1              u8 LSX,i;
  37   1              for(i=0;i<8;i++)
  38   1              {
  39   2                LSX=7-i;
  40   2                LSC=(LSX>>2)&1;LSB=(LSX>>1)&1;LSA=LSX&1;  //位选
  41   2                SMG_DX_PORT=smg_code[string[i]];          //传送段选数据
  42   2                delay_10us(100);                          //延时一段时间，等待显示稳定
  43   2                SMG_DX_PORT=0x00;                         //消音
  44   2              }
  45   1        }
  46          
  47          
  48          
  49            //扫描按键
  50            u8 key_scan(void)
  51            { 
  52   1          u8 temp, i, key=0;
  53   1          KEY_MATRIX_PORT = 0x0f;        //行为0，列为1
  54   1          if (KEY_MATRIX_PORT != 0x0f)
C51 COMPILER V9.59.0.0   MAIN                                                              01/05/2023 20:06:19 PAGE 2   

  55   1          {
  56   2              smg();//消抖并扫描
  57   2              if (KEY_MATRIX_PORT != 0x0f)
  58   2              {
  59   3                  temp = KEY_MATRIX_PORT;
  60   3                  KEY_MATRIX_PORT = 0xf0;
  61   3                  key = temp | KEY_MATRIX_PORT;
  62   3                  for (i = 0; i < 16; ++i)
  63   3                      if (key == KEY_TABLE[i])
  64   3                          break;
  65   3                  key=i+1;
  66   3                  while(KEY_MATRIX_PORT!=0xf0)smg();//等待按键松开
  67   3              }
  68   2          }
  69   1          
  70   1          else
  71   1            key=0;
  72   1          
  73   1          return key;
  74   1        }
  75          
  76            void main()
  77            {
  78   1            u8 key,i=0; 
  79   1            while(1)
  80   1            {
  81   2                SMG_DX_PORT=0x00;
  82   2                key=key_scan();
  83   2                if(key!=0)
  84   2                {
  85   3                  string[i]=key;
  86   3                  i++;
  87   3                  if(i==8)
  88   3                    i=0;
  89   3                }
  90   2                 smg();      
  91   2                  
  92   2            }
  93   1        }


MODULE INFORMATION:   STATIC OVERLAYABLE
   CODE SIZE        =    173    ----
   CONSTANT SIZE    =     16    ----
   XDATA SIZE       =   ----    ----
   PDATA SIZE       =   ----    ----
   DATA SIZE        =     25    ----
   IDATA SIZE       =   ----    ----
   BIT SIZE         =   ----    ----
END OF MODULE INFORMATION.


C51 COMPILATION COMPLETE.  0 WARNING(S),  0 ERROR(S)
