C51 COMPILER V9.59.0.0   MAIN                                                              01/23/2023 12:54:38 PAGE 1   


C51 COMPILER V9.59.0.0, COMPILATION OF MODULE MAIN
OBJECT MODULE PLACED IN .\Objects\main.obj
COMPILER INVOKED BY: D:\App\keil_v5\C51\BIN\C51.EXE main.c OPTIMIZE(8,SPEED) BROWSE DEBUG OBJECTEXTEND PRINT(.\Listings\
                    -main.lst) TABS(2) OBJECT(.\Objects\main.obj)

line level    source

   1          #include <reg51.h>
   2          sbit led1=P2^0;
   3          
   4          void LED_Routine(void) interrupt 1 
   5          {
   6   1        static unsigned int n;    //计数100次
   7   1        n++;
   8   1        if(n==100)
   9   1        {
  10   2          n=0;
  11   2          led1=~led1;
  12   2        }
  13   1        TL0=0xF0;
  14   1        TH0=0xD8;
  15   1      }
  16          
  17          void interrupt_inti()
  18          {
  19   1        TMOD=0x01;      //模式一
  20   1        TL0=0xF0;      
  21   1        TH0=0xD8;
  22   1        ET0=1;          //溢出中断允许
  23   1        EA=1;
  24   1        TR0=1;          //打开定时器
  25   1      }
  26          
  27          void main(void)
  28          {
  29   1        led1=1;
  30   1        interrupt_inti();
  31   1        while(1);
  32   1      }


MODULE INFORMATION:   STATIC OVERLAYABLE
   CODE SIZE        =     54    ----
   CONSTANT SIZE    =   ----    ----
   XDATA SIZE       =   ----    ----
   PDATA SIZE       =   ----    ----
   DATA SIZE        =      2    ----
   IDATA SIZE       =   ----    ----
   BIT SIZE         =   ----    ----
END OF MODULE INFORMATION.


C51 COMPILATION COMPLETE.  0 WARNING(S),  0 ERROR(S)
