C51 COMPILER V9.59.0.0   MAIN                                                              01/31/2023 17:44:54 PAGE 1   


C51 COMPILER V9.59.0.0, COMPILATION OF MODULE MAIN
OBJECT MODULE PLACED IN .\Objects\main.obj
COMPILER INVOKED BY: D:\App\keil_v5\C51\BIN\C51.EXE main.c OPTIMIZE(8,SPEED) BROWSE DEBUG OBJECTEXTEND PRINT(.\Listings\
                    -main.lst) TABS(2) OBJECT(.\Objects\main.obj)

line level    source

   1          #include <reg52.h>
   2          sbit KEY4 = P3 ^ 3; // 按键K4
   3          void Delay10ms() // 延时约10ms
   4          {
   5   1        unsigned int i;
   6   1        i = 1000;
   7   1        while (i--);
   8   1      }
   9          void print(unsigned char string[]) // 自定义的经典打印函数
  10          {
  11   1        unsigned char i = 0;
  12   1        while (string[i] != '\0') // 循环发送字符直到字符串末尾
  13   1        {
  14   2          SBUF = string[i]; // 将字符串内容发送
  15   2          while (TI == 0); // 等待发送结束时TI 会=1
  16   2          TI = 0; // 清零
  17   2          i++;
  18   2        }
  19   1      }
  20          void main()
  21          {
  22   1        SCON = 0x50; // 配置串口寄存器
  23   1        TMOD = 0x20; // 配置定时器1 模式2
  24   1        TH1 = 0xFD; // 配置重载
  25   1        TL1 = 0xFD; // 配置初始
  26   1        TR1 = 1; // 启动定时器
  27   1        while (1)
  28   1        {
  29   2          if (KEY4 == 0)
  30   2          {
  31   3            Delay10ms(); // 按键消抖
  32   3            if (KEY4 == 0)
  33   3            {
  34   4              while (KEY4 == 0); // 等按键抬起
  35   4              print("Hello World!\r\n");//发送字符串
  36   4            }
  37   3           }
  38   2        }
  39   1      }


MODULE INFORMATION:   STATIC OVERLAYABLE
   CODE SIZE        =     87    ----
   CONSTANT SIZE    =     15    ----
   XDATA SIZE       =   ----    ----
   PDATA SIZE       =   ----    ----
   DATA SIZE        =   ----       3
   IDATA SIZE       =   ----    ----
   BIT SIZE         =   ----    ----
END OF MODULE INFORMATION.


C51 COMPILATION COMPLETE.  0 WARNING(S),  0 ERROR(S)
