C51 COMPILER V9.59.0.0   MAIN                                                              03/25/2024 19:21:39 PAGE 1   


C51 COMPILER V9.59.0.0, COMPILATION OF MODULE MAIN
OBJECT MODULE PLACED IN .\Objects\main.obj
COMPILER INVOKED BY: D:\App\keil_v5\C51\BIN\C51.EXE main.c OPTIMIZE(8,SPEED) BROWSE DEBUG OBJECTEXTEND PRINT(.\Listings\
                    -main.lst) TABS(2) OBJECT(.\Objects\main.obj)

line level    source

   1          #include "reg52.h"
   2          #define LEDDZ_COL_PORT P0         //点阵列控制端口
   3          //对系统默认数据类型进行重定义
   4          typedef unsigned int u16; 
   5          typedef unsigned char u8;
   6          
   7          //定义74HC595 控制管脚
   8          sbit shift_reg=P3^6;        //移位寄存器时钟线
   9          sbit storage_reg=P3^5;      //输出存储器锁存时钟线
  10          sbit serial_dat=P3^4;       //串行数据输入
  11          
  12          code unsigned char Chars[7][8]=
  13          {
  14              {0x00,0xFE,0xFE,0x10,0x10,0x10,0xFE,0xFE},  //H
  15              {0x00,0x00,0xFE,0xFE,0x92,0x92,0x92,0x82},  //E
  16              {0x00,0x00,0xFE,0xFE,0x02,0x02,0x02,0x02},  //L
  17              {0x00,0x00,0xFE,0xFE,0x02,0x02,0x02,0x02},  //L
  18              {0x00,0x7C,0xFE,0x82,0x82,0x82,0xFE,0x7C},  //O
  19              {0x00,0x70,0x88,0x84,0x42,0x84,0x88,0x70},  //(心形)
  20              {0x00,0x00,0x00,0x00,0x00,0x00,0x00,0x00}   //灭屏
  21          };
  22          
  23          
  24          void delay_10us(u16 ten_us)
  25          {
  26   1        while(ten_us--);
  27   1      }
  28          
  29          
  30          void Send_595(u8 dat)
  31          {
  32   1        u8 i=0;
  33   1        for(i=0;i<8;i++)         //循环8次即可将一个字节写入寄存器中
  34   1        {
  35   2          serial_dat=dat>>7;     //优先传输一个字节中的高位
  36   2          dat<<=1;               //将低位移动到高位
  37   2          shift_reg=0;
  38   2          delay_10us(1);
  39   2          shift_reg=1;           // 0-->1表示上升沿
  40   2          delay_10us(1);        
  41   2        }
  42   1        storage_reg=1;           
  43   1        delay_10us(1);
  44   1        storage_reg=0;           
  45   1      }
  46          
  47          void Matrix_Screen(u8 Data[])
  48          {
  49   1        u8 i=0;
  50   1        u8 Scan[8]={0x7f,0xbf,0xdf,0xef,0xf7,0xfb,0xfd,0xfe};   
  51   1        for(i=0;i<8;i++)
  52   1          {
  53   2            LEDDZ_COL_PORT=Scan[i];     //选择列有效
  54   2            Send_595(Data[i]);          //传送数据
C51 COMPILER V9.59.0.0   MAIN                                                              03/25/2024 19:21:39 PAGE 2   

  55   2            delay_10us(50);
  56   2            Send_595(0x00);             //消影  
  57   2          }             
  58   1      }
  59          
  60          void main()
  61          {
  62   1        u8 i,k=0;
  63   1        u8 temp[8];               //存一个字母
  64   1        while(1)
  65   1        {  
  66   2          for(i=0;i<8;i++)
  67   2          {
  68   3            temp[i]=Chars[k][i];
  69   3          }
  70   2          for(i=0;i<100;i++)
  71   2          {
  72   3            Matrix_Screen(temp);
  73   3          }   
  74   2          delay_10us(5000);
  75   2          k++;
  76   2          if(k>6)
  77   2          {
  78   3            k=0;                  //复原
  79   3          }
  80   2        }   
  81   1      }


MODULE INFORMATION:   STATIC OVERLAYABLE
   CODE SIZE        =    258    ----
   CONSTANT SIZE    =     64    ----
   XDATA SIZE       =   ----    ----
   PDATA SIZE       =   ----    ----
   DATA SIZE        =   ----      22
   IDATA SIZE       =   ----    ----
   BIT SIZE         =   ----    ----
END OF MODULE INFORMATION.


C51 COMPILATION COMPLETE.  0 WARNING(S),  0 ERROR(S)
