C51 COMPILER V9.59.0.0   MAIN                                                              01/12/2023 19:17:24 PAGE 1   


C51 COMPILER V9.59.0.0, COMPILATION OF MODULE MAIN
OBJECT MODULE PLACED IN .\Objects\main.obj
COMPILER INVOKED BY: D:\App\keil_v5\C51\BIN\C51.EXE main.c OPTIMIZE(8,SPEED) BROWSE DEBUG OBJECTEXTEND PRINT(.\Listings\
                    -main.lst) TABS(2) OBJECT(.\Objects\main.obj)

line level    source

   1          #include "reg52.h"
   2          #define LEDDZ_COL_PORT P0         //点阵列控制端口
   3          //对系统默认数据类型进行重定义
   4          typedef unsigned int u16; 
   5          typedef unsigned char u8;
   6          
   7          //定义74HC595 控制管脚
   8          sbit shift_reg=P3^6;        //移位寄存器时钟线
   9          sbit storage_reg=P3^5;      //输出存储器锁存时钟线
  10          sbit serial_dat=P3^4;       //串行数据输入
  11          
  12          code unsigned char Chars[5][8]=
  13          {
  14            {0xC3,0x9D,0x8D,0xC3,0xB0,0xBC,0xC3,0xFF},
  15            {0xC1,0x9C,0x9C,0xC0,0xFC,0xF9,0xC3,0xFF},
  16            {0xE1,0xCC,0x9F,0x9F,0x9F,0xCC,0xE1,0xFF},
  17            {0x81,0x9F,0x81,0xFC,0xFC,0x9C,0xC1,0xFF},
  18            {0xF3,0xE3,0xF3,0xF3,0xF3,0xF3,0xC0,0xFF}
  19          };
  20          
  21          
  22          void delay_10us(u16 ten_us)
  23          {
  24   1        while(ten_us--);
  25   1      }
  26          
  27          
  28          void Send_595(u8 dat)
  29          {
  30   1        u8 i=0;
  31   1        for(i=0;i<8;i++)         //循环8次即可将一个字节写入寄存器中
  32   1        {
  33   2          serial_dat=dat>>7;     //优先传输一个字节中的高位
  34   2          dat<<=1;               //将低位移动到高位
  35   2          shift_reg=0;
  36   2          delay_10us(1);
  37   2          shift_reg=1;           // 0-->1表示上升沿
  38   2          delay_10us(1);        
  39   2        }
  40   1        storage_reg=1;           
  41   1        delay_10us(1);
  42   1        storage_reg=0;           
  43   1      }
  44          
  45          void Matrix_Screen(u8 Data[])
  46          {
  47   1        u8 i=0;
  48   1        u8 Scan[8]={0x80,0x40,0x20,0x10,0x08,0x04,0x02,0x01};   
  49   1        for(i=0;i<8;i++)
  50   1          {
  51   2            Send_595(Scan[i]);          //选择行有效
  52   2            LEDDZ_COL_PORT=Data[i];     //传送数据
  53   2            delay_10us(50);
  54   2            Send_595(0x00);             //消影  
C51 COMPILER V9.59.0.0   MAIN                                                              01/12/2023 19:17:24 PAGE 2   

  55   2          }             
  56   1      }
  57          
  58          void main()
  59          {
  60   1        u8 i,k=0;
  61   1        u8 temp[8];               //存一个字母
  62   1        while(1)
  63   1        {  
  64   2          for(i=0;i<8;i++)
  65   2          {
  66   3            temp[i]=Chars[k][i];
  67   3          }
  68   2          for(i=0;i<100;i++)
  69   2          {
  70   3            Matrix_Screen(temp);
  71   3          }   
  72   2          delay_10us(5000);
  73   2          k++;
  74   2          if(k>4)
  75   2          {
  76   3            k=0;                  //复原
  77   3          }
  78   2        }   
  79   1      }


MODULE INFORMATION:   STATIC OVERLAYABLE
   CODE SIZE        =    258    ----
   CONSTANT SIZE    =     48    ----
   XDATA SIZE       =   ----    ----
   PDATA SIZE       =   ----    ----
   DATA SIZE        =   ----      22
   IDATA SIZE       =   ----    ----
   BIT SIZE         =   ----    ----
END OF MODULE INFORMATION.


C51 COMPILATION COMPLETE.  0 WARNING(S),  0 ERROR(S)
