C51 COMPILER V9.59.0.0   MAIN                                                              11/18/2022 21:49:56 PAGE 1   


C51 COMPILER V9.59.0.0, COMPILATION OF MODULE MAIN
OBJECT MODULE PLACED IN .\Objects\main.obj
COMPILER INVOKED BY: D:\App\keil_v5\C51\BIN\C51.EXE main.c OPTIMIZE(8,SPEED) BROWSE DEBUG OBJECTEXTEND PRINT(.\Listings\
                    -main.lst) TABS(2) OBJECT(.\Objects\main.obj)

line level    source

   1          #include "reg52.h"
   2          //对系统默认数据类型进行重定义
   3          typedef unsigned char u8;
   4          typedef unsigned int u16;
   5          #define juzhen P1 //使用宏定义矩阵按键控制口
   6          #define duanma P0 //使用宏定义数码管段码口
   7          
   8          //共阴极数码管显示0~F 的段码数据
   9          u8 gsmg_code[17]=
  10          {
  11            0x71,0x79,0x5e,0x39,0x7c,0x77,0x6f,0x7f,0x07,0x7d,0x6d,0x66,0x4f,0x5b,0x06,0x3f
  12          };
  13          
  14          
  15          void delay_10us(u16 ten_us)
  16          {
  17   1        while(ten_us--);
  18   1      }
  19          
  20          //行列扫描法
  21          u8 key_matrix_ranks_scan(void)
  22          {
  23   1          u8 key_value=0;
  24   1        
  25   1        
  26   1          juzhen=0xf7;//给第一列赋值0，其余全为1
  27   1          if(juzhen!=0xf7)//判断第一列按键是否按下
  28   1          {
  29   2              delay_10us(1000);//消抖
  30   2              switch(juzhen)//保存第一列按键按下后的键值
  31   2                {
  32   3                    case 0x77: key_value=1;break;
  33   3                    case 0xb7: key_value=5;break;
  34   3                    case 0xd7: key_value=9;break;
  35   3                    case 0xe7: key_value=13;break;
  36   3                }
  37   2           }
  38   1              while(juzhen!=0xf7);//等待按键松开
  39   1                
  40   1            juzhen=0xfb;//给第二列赋值0，其余全为1
  41   1            if(juzhen!=0xfb)//判断第二列按键是否按下
  42   1            {
  43   2                delay_10us(1000);//消抖
  44   2                switch(juzhen)//保存第二列按键按下后的键值
  45   2                {
  46   3                case 0x7b: key_value=2;break;
  47   3                case 0xbb: key_value=6;break;
  48   3                case 0xdb: key_value=10;break;
  49   3                case 0xeb: key_value=14;break;
  50   3                }
  51   2            }
  52   1            while(juzhen!=0xfb);//等待按键松开
  53   1            
  54   1            juzhen=0xfd;//给第三列赋值0，其余全为1
C51 COMPILER V9.59.0.0   MAIN                                                              11/18/2022 21:49:56 PAGE 2   

  55   1            if(juzhen!=0xfd)//判断第三列按键是否按下
  56   1            {
  57   2            delay_10us(1000);//消抖
  58   2            switch(juzhen)//保存第三列按键按下后的键值
  59   2              {
  60   3              case 0x7d: key_value=3;break;
  61   3              case 0xbd: key_value=7;break;
  62   3              case 0xdd: key_value=11;break;
  63   3              case 0xed: key_value=15;break;
  64   3              }
  65   2            } 
  66   1              while(juzhen!=0xfd);//等待按键松开
  67   1            
  68   1              
  69   1              juzhen=0xfe;//给第四列赋值0，其余全为1
  70   1              if(juzhen!=0xfe)//判断第四列按键是否按下
  71   1              {
  72   2              delay_10us(1000);//消抖
  73   2              switch(juzhen)//保存第四列按键按下后的键值
  74   2                {
  75   3                    case 0x7e: key_value=4;break;
  76   3                    case 0xbe: key_value=8;break;
  77   3                    case 0xde: key_value=12;break;
  78   3                    case 0xee: key_value=16;break;
  79   3                }
  80   2             }
  81   1             while(juzhen!=0xfe);//等待按键松开
  82   1             
  83   1             
  84   1             return key_value;
  85   1      }
  86          void main()
  87          {
  88   1        u8 key=0;
  89   1        while(1)
  90   1        {
  91   2          key=key_matrix_ranks_scan();
  92   2          if(key!=0)
  93   2          {
  94   3            duanma=gsmg_code[key-1];
  95   3          }
  96   2        }   
  97   1      }


MODULE INFORMATION:   STATIC OVERLAYABLE
   CODE SIZE        =    265    ----
   CONSTANT SIZE    =   ----    ----
   XDATA SIZE       =   ----    ----
   PDATA SIZE       =   ----    ----
   DATA SIZE        =     17       1
   IDATA SIZE       =   ----    ----
   BIT SIZE         =   ----    ----
END OF MODULE INFORMATION.


C51 COMPILATION COMPLETE.  0 WARNING(S),  0 ERROR(S)
