C51 COMPILER V9.59.0.0   MAIN                                                              12/29/2022 13:45:57 PAGE 1   


C51 COMPILER V9.59.0.0, COMPILATION OF MODULE MAIN
OBJECT MODULE PLACED IN .\Objects\main.obj
COMPILER INVOKED BY: D:\App\keil_v5\C51\BIN\C51.EXE main.c OPTIMIZE(8,SPEED) BROWSE DEBUG OBJECTEXTEND PRINT(.\Listings\
                    -main.lst) TABS(2) OBJECT(.\Objects\main.obj)

line level    source

   1          sfr P2 = 0xA0;
   2          sfr P3 = 0xB0;
   3          #define led_port P2 
   4          #define KEY1_PRESS  1
   5          #define KEY2_PRESS  2
   6          #define KEY3_PRESS  3
   7          #define KEY4_PRESS  4
   8          #define KEY_UNPRESS 0 
   9          typedef unsigned int u16; //对系统默认数据类型进行重定义
  10          typedef unsigned char u8;
  11          //独立按键
  12          sbit k1=P3^1;
  13          sbit k2=P3^0;
  14          sbit k3=P3^2;
  15          sbit k4=P3^3;
  16          
  17          //延时函数
  18          void delay_10us(u16 ten_us)
  19          {
  20   1        while(ten_us--);
  21   1      }
  22          
  23          
  24          //mode=0：单次扫描按键
  25          //mode=1：连续扫描按键
  26            u8 key_scan(u8 mode)
  27            {
  28   1            static u8 flag=1;
  29   1            if(mode) flag=1;  //连续扫描，每次按下返回一个值后key又为1 
  30   1            if(flag==1&&(k1==0||k2==0||k3==0||k4==0))//任意按键按下
  31   1            {
  32   2                delay_10us(1000);  //消抖
  33   2                flag=0;            //按下后改变标志，扫描停止
  34   2                if(k1==0)
  35   2                  return KEY1_PRESS;
  36   2                else if(k2==0)
  37   2                  return KEY2_PRESS;
  38   2                else if(k3==0)
  39   2                  return KEY3_PRESS;
  40   2                else if(k4==0)
  41   2                  return KEY4_PRESS;
  42   2             }
  43   1             else if(k1==1&&k2==1&&k3==1&&k4==1) //无按键按下
  44   1            {
  45   2                flag=1;
  46   2            }
  47   1             return KEY_UNPRESS;
  48   1         }
  49            void main()
  50            {
  51   1              u8 key = 0;
  52   1              while(1)
  53   1              {
  54   2                key=key_scan(0);      //扫描
C51 COMPILER V9.59.0.0   MAIN                                                              12/29/2022 13:45:57 PAGE 2   

  55   2                if(key!=KEY_UNPRESS)
  56   2                  {
  57   3                    u8 i=0;
  58   3                    led_port=~0x01;
  59   3                    delay_10us(50000);
  60   3                    
  61   3                      for(i=0;i<8;i++)
  62   3                      {
  63   4                        led_port=~(0x01<<i);
  64   4                        delay_10us(50000);
  65   4                      }
  66   3                  }
  67   2              }      
  68   1        }


MODULE INFORMATION:   STATIC OVERLAYABLE
   CODE SIZE        =    153    ----
   CONSTANT SIZE    =   ----    ----
   XDATA SIZE       =   ----    ----
   PDATA SIZE       =   ----    ----
   DATA SIZE        =      1       1
   IDATA SIZE       =   ----    ----
   BIT SIZE         =   ----    ----
END OF MODULE INFORMATION.


C51 COMPILATION COMPLETE.  0 WARNING(S),  0 ERROR(S)
