Reading netlist file: "D:\project\gaowinwork\freq_meter_demo\impl\gwsynthesis\freq_meter_demo.vg"
Parsing netlist file "D:\project\gaowinwork\freq_meter_demo\impl\gwsynthesis\freq_meter_demo.vg" completed
Processing netlist completed
Reading constraint file: "D:\project\gaowinwork\freq_meter_demo\src\freq_meter_demo.cst"
Physical Constraint parsed completed
Running placement......
[10%] Placement Phase 0 completed
[20%] Placement Phase 1 completed
[30%] Placement Phase 2 completed
[50%] Placement Phase 3 completed
Running routing......
[60%] Routing Phase 0 completed
[70%] Routing Phase 1 completed
[80%] Routing Phase 2 completed
WARN  (PR1014) : Generic routing resource will be used to clock signal 'clk_in_i_d' by the specified constraint. And then it may lead to the excessive delay or skew
WARN  (PR1014) : Generic routing resource will be used to clock signal 'rst_n_d' by the specified constraint. And then it may lead to the excessive delay or skew
[90%] Routing Phase 3 completed
Running timing analysis......
[95%] Timing analysis completed
Placement and routing completed
Bitstream generation in progress......
Bitstream generation completed
Running power analysis......
[100%] Power analysis completed
Generate file "D:\project\gaowinwork\freq_meter_demo\impl\pnr\freq_meter_demo.power.html" completed
Generate file "D:\project\gaowinwork\freq_meter_demo\impl\pnr\freq_meter_demo.pin.html" completed
Generate file "D:\project\gaowinwork\freq_meter_demo\impl\pnr\freq_meter_demo.rpt.html" completed
Generate file "D:\project\gaowinwork\freq_meter_demo\impl\pnr\freq_meter_demo.rpt.txt" completed
Generate file "D:\project\gaowinwork\freq_meter_demo\impl\pnr\freq_meter_demo.tr.html" completed
Mon Oct 23 18:20:23 2023

