Reading netlist file: "D:\project\gaowinwork\shizhong_demo\impl\gwsynthesis\shizhong_demo.vg"
Parsing netlist file "D:\project\gaowinwork\shizhong_demo\impl\gwsynthesis\shizhong_demo.vg" completed
Processing netlist completed
Reading constraint file: "D:\project\gaowinwork\shizhong_demo\src\shizhong_demo.cst"
Physical Constraint parsed completed
Running placement......
[10%] Placement Phase 0 completed
[20%] Placement Phase 1 completed
[30%] Placement Phase 2 completed
[50%] Placement Phase 3 completed
Running routing......
[60%] Routing Phase 0 completed
[70%] Routing Phase 1 completed
[80%] Routing Phase 2 completed
[90%] Routing Phase 3 completed
Running timing analysis......
[95%] Timing analysis completed
Placement and routing completed
Bitstream generation in progress......
Bitstream generation completed
Running power analysis......
[100%] Power analysis completed
Generate file "D:\project\gaowinwork\shizhong_demo\impl\pnr\shizhong_demo.power.html" completed
Generate file "D:\project\gaowinwork\shizhong_demo\impl\pnr\shizhong_demo.pin.html" completed
Generate file "D:\project\gaowinwork\shizhong_demo\impl\pnr\shizhong_demo.rpt.html" completed
Generate file "D:\project\gaowinwork\shizhong_demo\impl\pnr\shizhong_demo.rpt.txt" completed
Generate file "D:\project\gaowinwork\shizhong_demo\impl\pnr\shizhong_demo.tr.html" completed
Mon Nov 13 16:09:17 2023

