C51 COMPILER V9.59.0.0   MAIN                                                              06/11/2023 08:56:17 PAGE 1   


C51 COMPILER V9.59.0.0, COMPILATION OF MODULE MAIN
OBJECT MODULE PLACED IN main.OBJ
COMPILER INVOKED BY: D:\App\keil_v5\C51\BIN\C51.EXE main.c OPTIMIZE(8,SPEED) BROWSE DEBUG OBJECTEXTEND TABS(2)

line level    source

   1          #include <reg52.h>
   2           
   3          #define uint  unsigned int
   4          #define uchar unsigned char
   5           
   6          sbit IN1=P1^0;
   7          sbit IN2=P1^1;
   8          sbit ENA=P1^2; 
   9           
  10          sbit k0=P2^0;//正转
  11          sbit k1=P2^1;//反转
  12          sbit k2=P2^2;//加速
  13          sbit k3=P2^3;//减速
  14          sbit k4=P2^4;//停止
  15           
  16          uchar Counter=0,Compare=0;
  17           
  18          void delay(uint n)
  19          {
  20   1        uint i=0,j=0;
  21   1        for(i=0;i<n;i++)
  22   1        {
  23   2          for(j=0;j<120;j++);
  24   2        }
  25   1      }
  26           
  27          void Timer0_init()//100us
  28          {
  29   1        TMOD &= 0xF0;   //设置定时器模式
  30   1        TMOD |= 0x01;   //设置定时器模式
  31   1        TL0 = 0x9C;   //设置定时初值
  32   1        TH0 = 0xFF;   //设置定时初值
  33   1        ET0=1;
  34   1        EA=1; 
  35   1        TR0=1;
  36   1      }
  37           
  38          void main()
  39          {
  40   1        ENA=0;
  41   1        IN1=0;
  42   1        IN2=0;//一开始让电机停止
  43   1        Timer0_init();
  44   1        Compare=50;
  45   1        while(1)
  46   1        {
  47   2          
  48   2          if(k0==0)//正转
  49   2          {
  50   3            delay(100);
  51   3            while(!k0);
  52   3                  ENA=1;
  53   3            IN1=1;
  54   3            IN2=0;
  55   3          }
C51 COMPILER V9.59.0.0   MAIN                                                              06/11/2023 08:56:17 PAGE 2   

  56   2          else if(k1==0)//反转
  57   2          {
  58   3            delay(100);
  59   3            while(!k1);
  60   3                  ENA=1;
  61   3            IN1=0;
  62   3            IN2=1;
  63   3          }
  64   2          else if(k2==0)//加速
  65   2          {
  66   3            delay(100);
  67   3            while(!k2);
  68   3            Compare=Compare+20;
  69   3          }
  70   2          else if(k3==0)//减速
  71   2          {
  72   3            delay(100);
  73   3            while(!k3);
  74   3            Compare=Compare-20;
  75   3          }
  76   2          if(k4==0)//停止
  77   2          {
  78   3            delay(100);
  79   3            while(!k4);
  80   3            ENA=0;
  81   3            TR0=0;
  82   3            IN1=0;
  83   3            IN2=0;                
  84   3          } 
  85   2           
  86   2        }
  87   1      }
  88           
  89          void Timer0() interrupt 1
  90          {
  91   1        TL0 = 0x9C;   //设置定时初值
  92   1        TH0 = 0xFF;   //设置定时初值
  93   1        Counter++;
  94   1        Counter%=100;
  95   1        if(Counter<Compare)//如果小于占空比
  96   1        {
  97   2          IN1=1;
  98   2        }
  99   1        else
 100   1        {
 101   2          IN1=0;
 102   2        }
 103   1      }


MODULE INFORMATION:   STATIC OVERLAYABLE
   CODE SIZE        =    191    ----
   CONSTANT SIZE    =   ----    ----
   XDATA SIZE       =   ----    ----
   PDATA SIZE       =   ----    ----
   DATA SIZE        =      2    ----
   IDATA SIZE       =   ----    ----
   BIT SIZE         =   ----    ----
END OF MODULE INFORMATION.


C51 COMPILATION COMPLETE.  0 WARNING(S),  0 ERROR(S)
