C51 COMPILER V9.59.0.0   CHUANKOU                                                          04/12/2023 21:31:33 PAGE 1   


C51 COMPILER V9.59.0.0, COMPILATION OF MODULE CHUANKOU
OBJECT MODULE PLACED IN .\Objects\chuankou.obj
COMPILER INVOKED BY: D:\App\keil_v5\C51\BIN\C51.EXE chuankou.c OPTIMIZE(8,SPEED) BROWSE DEBUG OBJECTEXTEND PRINT(.\Listi
                    -ngs\chuankou.lst) TABS(2) OBJECT(.\Objects\chuankou.obj)

line level    source

   1          #include <reg51.h>
   2          #define u8 unsigned char
   3          #define u16 unsigned int
   4          
   5          sbit led1=P0^0;
   6          sbit led2=P0^3;
   7          sbit key=P1^0;
   8          
   9          void Delay10ms() // 延时约10ms
  10          {
  11   1        u16 i;
  12   1        i = 1000;
  13   1        while (i--);
  14   1      }
  15          void sent(u8 c)
  16          {
  17   1          SBUF=c;
  18   1          while(TI==0);
  19   1          TI = 0; // 发送标志位清0
  20   1      } 
  21          
  22          void main()
  23          {
  24   1        u8 time=0;
  25   1        
  26   1        SCON = 0x40; // 配置串口模式1
  27   1        PCON |=0x00;//波特率不翻倍
  28   1        TMOD = 0x20; // 配置定时器1 模式2
  29   1        TH1 = 0xFD; // 配置重载
  30   1        TL1 = 0xFD; // 配置初始  波特率9600
  31   1        TR1 = 1; // 启动定时器
  32   1        ES = 1; // 打开串口中断
  33   1        EA = 1; // 打开总中断
  34   1        while (1)
  35   1        {
  36   2          if (key == 0)
  37   2          {
  38   3          Delay10ms(); // 按键消抖
  39   3          if (key == 0)
  40   3            {
  41   4              while (key == 0); // 等按键抬起
  42   4              time=(time+1)%4; // 0~3循环，记录按键按下次数
  43   4            }
  44   3            switch(time)
  45   3            {
  46   4              case 0:led1=led2=1;sent('0');break;       //全灭
  47   4              case 1:led1=0;led2=1;sent('A');break;     //led1亮
  48   4              case 2:led1=1;led2=0;sent('B');break;     //led2亮
  49   4              case 3:led1=led2=0;sent('C');break;       //全亮
  50   4            }
  51   3            TI=0;
  52   3          }
  53   2        }
  54   1      }
C51 COMPILER V9.59.0.0   CHUANKOU                                                          04/12/2023 21:31:33 PAGE 2   



MODULE INFORMATION:   STATIC OVERLAYABLE
   CODE SIZE        =    111    ----
   CONSTANT SIZE    =   ----    ----
   XDATA SIZE       =   ----    ----
   PDATA SIZE       =   ----    ----
   DATA SIZE        =   ----    ----
   IDATA SIZE       =   ----    ----
   BIT SIZE         =   ----    ----
END OF MODULE INFORMATION.


C51 COMPILATION COMPLETE.  0 WARNING(S),  0 ERROR(S)
