C51 COMPILER V9.59.0.0   P1                                                                04/03/2023 15:34:32 PAGE 1   


C51 COMPILER V9.59.0.0, COMPILATION OF MODULE P1
OBJECT MODULE PLACED IN .\Objects\p1.obj
COMPILER INVOKED BY: D:\App\keil_v5\C51\BIN\C51.EXE p1.c OPTIMIZE(8,SPEED) BROWSE DEBUG OBJECTEXTEND CODE PRINT(.\Listin
                    -gs\p1.lst) TABS(2) OBJECT(.\Objects\p1.obj)

line level    source

   1          #include "reg52.h"
   2          typedef unsigned int u8;
   3          typedef unsigned int u16;
   4          
   5          
   6          void delay_10us(u16 ten_us)
   7          {
   8   1          while(ten_us--);
   9   1      }
  10          
  11          void main()
  12          {  
  13   1        u8 i=0;
  14   1        while(1){
  15   2          for(i=0;i<8;i++)
  16   2          {
  17   3            P0=~(0x80>>i);
  18   3            P2=~(0x01<<i);
  19   3            delay_10us(50000);
  20   3          }
  21   2        }
  22   1      }
C51 COMPILER V9.59.0.0   P1                                                                04/03/2023 15:34:32 PAGE 2   

ASSEMBLY LISTING OF GENERATED OBJECT CODE


             ; FUNCTION _delay_10us (BEGIN)
                                           ; SOURCE LINE # 6
;---- Variable 'ten_us' assigned to Register 'R6/R7' ----
                                           ; SOURCE LINE # 7
0000         ?C0001:
                                           ; SOURCE LINE # 8
0000 EF                MOV     A,R7
0001 1F                DEC     R7
0002 AC06              MOV     R4,AR6
0004 7001              JNZ     ?C0010
0006 1E                DEC     R6
0007         ?C0010:
0007 4C                ORL     A,R4
0008 70F6              JNZ     ?C0001
                                           ; SOURCE LINE # 9
000A 22                RET     
             ; FUNCTION _delay_10us (END)

             ; FUNCTION main (BEGIN)
                                           ; SOURCE LINE # 11
                                           ; SOURCE LINE # 12
                                           ; SOURCE LINE # 13
;---- Variable 'i' assigned to Register 'R2/R3' ----
0000         ?C0004:
                                           ; SOURCE LINE # 14
                                           ; SOURCE LINE # 15
0000 E4                CLR     A
0001 FA                MOV     R2,A
0002 FB                MOV     R3,A
0003         ?C0006:
                                           ; SOURCE LINE # 16
                                           ; SOURCE LINE # 17
0003 AF03              MOV     R7,AR3
0005 A807              MOV     R0,AR7
0007 7480              MOV     A,#080H
0009 08                INC     R0
000A 8002              SJMP    ?C0012
000C         ?C0011:
000C C3                CLR     C
000D 13                RRC     A
000E         ?C0012:
000E D8FC              DJNZ    R0,?C0011
0010 F4                CPL     A
0011 F580              MOV     P0,A
                                           ; SOURCE LINE # 18
0013 AF03              MOV     R7,AR3
0015 A807              MOV     R0,AR7
0017 7401              MOV     A,#01H
0019 08                INC     R0
001A 8002              SJMP    ?C0014
001C         ?C0013:
001C C3                CLR     C
001D 33                RLC     A
001E         ?C0014:
001E D8FC              DJNZ    R0,?C0013
0020 F4                CPL     A
0021 F5A0              MOV     P2,A
                                           ; SOURCE LINE # 19
0023 7F50              MOV     R7,#050H
C51 COMPILER V9.59.0.0   P1                                                                04/03/2023 15:34:32 PAGE 3   

0025 7EC3              MOV     R6,#0C3H
0027 120000      R     LCALL   _delay_10us
                                           ; SOURCE LINE # 20
002A 0B                INC     R3
002B BB0001            CJNE    R3,#00H,?C0015
002E 0A                INC     R2
002F         ?C0015:
002F EB                MOV     A,R3
0030 6408              XRL     A,#08H
0032 4A                ORL     A,R2
0033 70CE              JNZ     ?C0006
0035 80C9              SJMP    ?C0004
             ; FUNCTION main (END)



MODULE INFORMATION:   STATIC OVERLAYABLE
   CODE SIZE        =     66    ----
   CONSTANT SIZE    =   ----    ----
   XDATA SIZE       =   ----    ----
   PDATA SIZE       =   ----    ----
   DATA SIZE        =   ----    ----
   IDATA SIZE       =   ----    ----
   BIT SIZE         =   ----    ----
END OF MODULE INFORMATION.


C51 COMPILATION COMPLETE.  0 WARNING(S),  0 ERROR(S)
