C51 COMPILER V9.59.0.0   P2                                                                04/04/2023 14:54:48 PAGE 1   


C51 COMPILER V9.59.0.0, COMPILATION OF MODULE P2
OBJECT MODULE PLACED IN .\Objects\p2.obj
COMPILER INVOKED BY: D:\App\keil_v5\C51\BIN\C51.EXE p2.c OPTIMIZE(8,SPEED) BROWSE DEBUG OBJECTEXTEND PRINT(.\Listings\p2
                    -.lst) TABS(2) OBJECT(.\Objects\p2.obj)

line level    source

   1          sfr P0 = 0x80;
   2          #define duanxuan  P0  //使用宏定义数码管段码口
   3          
   4          typedef unsigned int u16; //对系统默认数据类型进行重定义
   5          typedef unsigned char u8;
   6          
   7          
   8          //共阴极数码管显示0~F的段码数据
   9          u8 gsmg_code[17]={0x3f,0x06,0x5b,0x4f,0x66,0x6d,0x7d,0x07,
  10                  0x7f,0x6f,0x77,0x7c,0x39,0x5e,0x79,0x71};
  11          
  12          u8 string[10] = {0,1,2,3,4,5,6,7,8,9 };
  13          
  14          void delay_10us(u16 ten_us)
  15          {
  16   1        while(ten_us--);  
  17   1      }
  18          
  19          void smg()
  20          {
  21   1            u8 i;
  22   1            for(i=0;i<10;i++)
  23   1            {
  24   2              duanxuan=gsmg_code[string[i]];  //传送段选数据
  25   2              delay_10us(30000);  //延时一段时间，等待显示稳定
  26   2              duanxuan=0x00;  //消音
  27   2            }
  28   1      }
  29          
  30          void main()
  31          {  
  32   1            while(1)
  33   1            {
  34   2              smg();
  35   2            }
  36   1      }


MODULE INFORMATION:   STATIC OVERLAYABLE
   CODE SIZE        =     53    ----
   CONSTANT SIZE    =   ----    ----
   XDATA SIZE       =   ----    ----
   PDATA SIZE       =   ----    ----
   DATA SIZE        =     27    ----
   IDATA SIZE       =   ----    ----
   BIT SIZE         =   ----    ----
END OF MODULE INFORMATION.


C51 COMPILATION COMPLETE.  0 WARNING(S),  0 ERROR(S)
