C51 COMPILER V9.59.0.0   P3                                                                04/04/2023 16:58:58 PAGE 1   


C51 COMPILER V9.59.0.0, COMPILATION OF MODULE P3
OBJECT MODULE PLACED IN .\Objects\p3.obj
COMPILER INVOKED BY: D:\App\keil_v5\C51\BIN\C51.EXE p3.c OPTIMIZE(8,SPEED) BROWSE DEBUG OBJECTEXTEND PRINT(.\Listings\p3
                    -.lst) TABS(2) OBJECT(.\Objects\p3.obj)

line level    source

   1          #include <reg52.h>
   2          #define duanxuan  P0  //使用宏定义数码管段码口
   3          
   4          typedef unsigned int u16; //对系统默认数据类型进行重定义
   5          typedef unsigned char u8;
   6          
   7          //共阳极数码管显示0~F的段码数据
   8          u8 gsmg_code[17]={
   9            0xc0,0xf9,0xa4,0xb0,
  10            0x99,0x92,0x82,0xf8,
  11            0x80,0x90,0x88,0x83,
  12            0xc6,0xa1,0x86,0x8e
  13          };
  14          
  15          u8 string[8] = { 6,6,6,6,6,6,6,6 };
  16          
  17          void delay_10us(u16 ten_us)
  18          {
  19   1        while(ten_us--);  
  20   1      }
  21          
  22          void main()
  23          {  
  24   1            while(1)
  25   1            {
  26   2              u8 i,temp=0x01;
  27   2              for(i=0;i<8;i++)
  28   2              {
  29   3                //循环右移  高电平选中一个位选
  30   3                P2=(temp<<i);            
  31   3                duanxuan=gsmg_code[string[i]];  //传送段选数据
  32   3                delay_10us(20000);                //延时一段时间，等待显示稳定
  33   3                duanxuan=0x00;                  //消音
  34   3                if(i==7)
  35   3                  temp=0x10;
  36   3              }
  37   2            }
  38   1      }


MODULE INFORMATION:   STATIC OVERLAYABLE
   CODE SIZE        =     78    ----
   CONSTANT SIZE    =   ----    ----
   XDATA SIZE       =   ----    ----
   PDATA SIZE       =   ----    ----
   DATA SIZE        =     25       2
   IDATA SIZE       =   ----    ----
   BIT SIZE         =   ----    ----
END OF MODULE INFORMATION.


C51 COMPILATION COMPLETE.  0 WARNING(S),  0 ERROR(S)
