Reading netlist file: "D:\project\gaowinwork\running_led_demo\impl\gwsynthesis\running_led_demo.vg"
Parsing netlist file "D:\project\gaowinwork\running_led_demo\impl\gwsynthesis\running_led_demo.vg" completed
Processing netlist completed
Reading constraint file: "D:\project\gaowinwork\running_led_demo\src\running_led_demo.cst"
Physical Constraint parsed completed
Running placement......
[10%] Placement Phase 0 completed
[20%] Placement Phase 1 completed
[30%] Placement Phase 2 completed
[50%] Placement Phase 3 completed
Running routing......
[60%] Routing Phase 0 completed
[70%] Routing Phase 1 completed
[80%] Routing Phase 2 completed
WARN  (PR1014) : Generic routing resource will be used to clock signal 'rst_n_d' by the specified constraint. And then it may lead to the excessive delay or skew
[90%] Routing Phase 3 completed
Running timing analysis......
[95%] Timing analysis completed
Placement and routing completed
Bitstream generation in progress......
Bitstream generation completed
Running power analysis......
[100%] Power analysis completed
Generate file "D:\project\gaowinwork\running_led_demo\impl\pnr\running_led_demo.power.html" completed
Generate file "D:\project\gaowinwork\running_led_demo\impl\pnr\running_led_demo.pin.html" completed
Generate file "D:\project\gaowinwork\running_led_demo\impl\pnr\running_led_demo.rpt.html" completed
Generate file "D:\project\gaowinwork\running_led_demo\impl\pnr\running_led_demo.rpt.txt" completed
Generate file "D:\project\gaowinwork\running_led_demo\impl\pnr\running_led_demo.tr.html" completed
Mon Sep 18 20:15:22 2023

