C51 COMPILER V9.59.0.0   ZHONGDAUN                                                         04/11/2023 16:49:42 PAGE 1   


C51 COMPILER V9.59.0.0, COMPILATION OF MODULE ZHONGDAUN
OBJECT MODULE PLACED IN .\Objects\zhongdaun.obj
COMPILER INVOKED BY: D:\App\keil_v5\C51\BIN\C51.EXE zhongdaun.c OPTIMIZE(8,SPEED) BROWSE DEBUG OBJECTEXTEND PRINT(.\List
                    -ings\zhongdaun.lst) TABS(2) OBJECT(.\Objects\zhongdaun.obj)

line level    source

   1          #include <reg52.h>
   2          sbit led=P0^0;
   3          
   4          void main(){
   5   1        led=1;
   6   1        EA=1;   //总中断使能
   7   1        EX0=1;  //外部中断0使能
   8   1        IT0=1;  //设置下降沿触发
   9   1        while(1);
  10   1      }
  11          
  12          //外部中断函数
  13          void LED() interrupt 0
  14          {
  15   1        led=~led;   //翻转led
  16   1      }


MODULE INFORMATION:   STATIC OVERLAYABLE
   CODE SIZE        =     13    ----
   CONSTANT SIZE    =   ----    ----
   XDATA SIZE       =   ----    ----
   PDATA SIZE       =   ----    ----
   DATA SIZE        =   ----    ----
   IDATA SIZE       =   ----    ----
   BIT SIZE         =   ----    ----
END OF MODULE INFORMATION.


C51 COMPILATION COMPLETE.  0 WARNING(S),  0 ERROR(S)
