GowinSynthesis start
Running parser ...
Analyzing Verilog file 'D:\project\gaowinwork\seg_scan_demo\src\freq_div.v'
Analyzing Verilog file 'D:\project\gaowinwork\seg_scan_demo\src\mux_4x4.v'
Analyzing Verilog file 'D:\project\gaowinwork\seg_scan_demo\src\seg_ctrl.v'
Analyzing Verilog file 'D:\project\gaowinwork\seg_scan_demo\src\seg_decode.v'
Analyzing Verilog file 'D:\project\gaowinwork\seg_scan_demo\src\seg_scan_demo.v'
Undeclared symbol 'rst', assumed default net type 'wire'("D:\project\gaowinwork\seg_scan_demo\src\seg_scan_demo.v":8)
Analyzing Verilog file 'D:\project\gaowinwork\seg_scan_demo\src\shift_reg.v'
Compiling module 'seg_scan_demo'("D:\project\gaowinwork\seg_scan_demo\src\seg_scan_demo.v":2)
Compiling module 'seg_ctrl'("D:\project\gaowinwork\seg_scan_demo\src\seg_ctrl.v":2)
Compiling module 'freq_div(DIV_RATE_2N=10000)'("D:\project\gaowinwork\seg_scan_demo\src\freq_div.v":3)
WARN  (EX2629) : Delay control is not supported for synthesis("D:\project\gaowinwork\seg_scan_demo\src\freq_div.v":17)
WARN  (EX2629) : Delay control is not supported for synthesis("D:\project\gaowinwork\seg_scan_demo\src\freq_div.v":18)
WARN  (EX3791) : Expression size 15 truncated to fit in target size 14("D:\project\gaowinwork\seg_scan_demo\src\freq_div.v":21)
WARN  (EX2629) : Delay control is not supported for synthesis("D:\project\gaowinwork\seg_scan_demo\src\freq_div.v":21)
WARN  (EX2629) : Delay control is not supported for synthesis("D:\project\gaowinwork\seg_scan_demo\src\freq_div.v":23)
WARN  (EX2629) : Delay control is not supported for synthesis("D:\project\gaowinwork\seg_scan_demo\src\freq_div.v":24)
Compiling module 'shift_reg(WIDTH=4,INIT_VALUE=4'h1)'("D:\project\gaowinwork\seg_scan_demo\src\shift_reg.v":3)
WARN  (EX2629) : Delay control is not supported for synthesis("D:\project\gaowinwork\seg_scan_demo\src\shift_reg.v":19)
WARN  (EX2629) : Delay control is not supported for synthesis("D:\project\gaowinwork\seg_scan_demo\src\shift_reg.v":21)
WARN  (EX2629) : Delay control is not supported for synthesis("D:\project\gaowinwork\seg_scan_demo\src\shift_reg.v":25)
Compiling module 'mux_4x4'("D:\project\gaowinwork\seg_scan_demo\src\mux_4x4.v":2)
Compiling module 'seg_decode'("D:\project\gaowinwork\seg_scan_demo\src\seg_decode.v":1)
NOTE  (EX0101) : Current top module is "seg_scan_demo"
[5%] Running netlist conversion ...
Running device independent optimization ...
WARN  (DI0003) : Latch inferred for net 'reg_out_o[0]';We do not recommend the use of latches in FPGA designs, as they may lead to timing problems("D:\project\gaowinwork\seg_scan_demo\src\shift_reg.v":26)
[10%] Optimizing Phase 0 completed
[15%] Optimizing Phase 1 completed
[25%] Optimizing Phase 2 completed
Running inference ...
[30%] Inferring Phase 0 completed
[40%] Inferring Phase 1 completed
[50%] Inferring Phase 2 completed
[55%] Inferring Phase 3 completed
Running technical mapping ...
[60%] Tech-Mapping Phase 0 completed
[65%] Tech-Mapping Phase 1 completed
[75%] Tech-Mapping Phase 2 completed
[80%] Tech-Mapping Phase 3 completed
[90%] Tech-Mapping Phase 4 completed
WARN  (NL0002) : The module "mux_4x4" instantiated to "mux_4x4_i" is swept in optimizing("D:\project\gaowinwork\seg_scan_demo\src\seg_ctrl.v":40)
[95%] Generate netlist file "D:\project\gaowinwork\seg_scan_demo\impl\gwsynthesis\seg_scan_demo.vg" completed
[100%] Generate report file "D:\project\gaowinwork\seg_scan_demo\impl\gwsynthesis\seg_scan_demo_syn.rpt.html" completed
GowinSynthesis finish
