C51 COMPILER V9.59.0.0   MAIN                                                              01/19/2023 19:15:36 PAGE 1   


C51 COMPILER V9.59.0.0, COMPILATION OF MODULE MAIN
OBJECT MODULE PLACED IN .\Objects\main.obj
COMPILER INVOKED BY: D:\App\keil_v5\C51\BIN\C51.EXE main.c OPTIMIZE(8,SPEED) BROWSE DEBUG OBJECTEXTEND PRINT(.\Listings\
                    -main.lst) TABS(2) OBJECT(.\Objects\main.obj)

line level    source

   1          #include <reg51.h>
   2          #define duanxuan  P0  //使用宏定义数码管段码口
   3          typedef unsigned int u16; //对系统默认数据类型进行重定义
   4          typedef unsigned char u8;
   5          //定义数码管位选信号控制脚
   6          sbit LSA=P2^2;
   7          sbit LSB=P2^3;
   8          sbit LSC=P2^4;
   9          
  10          u8 gsmg_code[17]={0x3f,0x06,0x5b,0x4f,0x66,0x6d,0x7d,0x07,
  11                            0x7f,0x6f,0x77,0x7c,0x39,0x5e,0x79,0x71};
  12          u8 string[8] = { 6,6,6,6,6,6,6,6 };
  13          
  14          void delay_10us(u16 ten_us)
  15          {
  16   1        while(ten_us--);  
  17   1      }
  18          
  19          void smg()
  20          {
  21   1            u8 LSX,i;
  22   1            for(i=0;i<8;i++)
  23   1            {
  24   2              LSX=7-i;
  25   2              LSC=(LSX>>2)&1;LSB=(LSX>>1)&1;LSA=LSX&1;  //段选
  26   2              duanxuan=gsmg_code[string[i]];  //传送段选数据
  27   2              delay_10us(100);  //延时一段时间，等待显示稳定
  28   2              duanxuan=0x00;  //消音
  29   2            }
  30   1      }
  31          
  32          
  33          void interrupt_init(void)
  34          {
  35   1        IT0=1;  //跳变沿触发方式
  36   1        EX0=1;  //打开INT0 的中断允许
  37   1        EA=1;    //打开总中断
  38   1      }
  39          
  40          
  41          
  42          void main()
  43          {
  44   1        interrupt_init();
  45   1        while(1)
  46   1        {  
  47   2            smg();
  48   2        }   
  49   1      }
  50          
  51          
  52          void TestFunction0() interrupt 0
  53          {
  54   1        string[0]=7;
C51 COMPILER V9.59.0.0   MAIN                                                              01/19/2023 19:15:36 PAGE 2   

  55   1      }


MODULE INFORMATION:   STATIC OVERLAYABLE
   CODE SIZE        =     89    ----
   CONSTANT SIZE    =   ----    ----
   XDATA SIZE       =   ----    ----
   PDATA SIZE       =   ----    ----
   DATA SIZE        =     25    ----
   IDATA SIZE       =   ----    ----
   BIT SIZE         =   ----    ----
END OF MODULE INFORMATION.


C51 COMPILATION COMPLETE.  0 WARNING(S),  0 ERROR(S)
