C51 COMPILER V9.59.0.0   P1                                                                04/04/2023 12:43:11 PAGE 1   


C51 COMPILER V9.59.0.0, COMPILATION OF MODULE P1
OBJECT MODULE PLACED IN .\Objects\p1.obj
COMPILER INVOKED BY: D:\App\keil_v5\C51\BIN\C51.EXE p1.c OPTIMIZE(8,SPEED) BROWSE DEBUG OBJECTEXTEND PRINT(.\Listings\p1
                    -.lst) TABS(2) OBJECT(.\Objects\p1.obj)

line level    source

   1          #include "reg52.h"
   2          typedef unsigned int u8;
   3          typedef unsigned int u16;
   4          
   5          
   6          void delay_10us(u16 ten_us)
   7          {
   8   1          while(ten_us--);
   9   1      }
  10          
  11          void main()
  12          {  
  13   1        u8 i=0;
  14   1        while(1)
  15   1        {
  16   2          for(i=0;i<8;i++)
  17   2          {
  18   3            P2=~(0x01<<i);
  19   3            delay_10us(50000);
  20   3            if(i==7)
  21   3            {
  22   4              for(i=1;i<8;i++)
  23   4              {
  24   5                P2=~(0x80>>i);
  25   5                delay_10us(50000);
  26   5              }
  27   4            }
  28   3          }
  29   2        }
  30   1      }


MODULE INFORMATION:   STATIC OVERLAYABLE
   CODE SIZE        =     89    ----
   CONSTANT SIZE    =   ----    ----
   XDATA SIZE       =   ----    ----
   PDATA SIZE       =   ----    ----
   DATA SIZE        =   ----    ----
   IDATA SIZE       =   ----    ----
   BIT SIZE         =   ----    ----
END OF MODULE INFORMATION.


C51 COMPILATION COMPLETE.  0 WARNING(S),  0 ERROR(S)
