Reading netlist file: "D:\project\gaowinwork\basic_io_demo1\impl\gwsynthesis\basic_io_demo1.vg"
Parsing netlist file "D:\project\gaowinwork\basic_io_demo1\impl\gwsynthesis\basic_io_demo1.vg" completed
Processing netlist completed
Reading constraint file: "D:\project\gaowinwork\basic_io_demo1\src\basic_io_demo1.cst"
Physical Constraint parsed completed
Running placement......
[10%] Placement Phase 0 completed
[20%] Placement Phase 1 completed
[30%] Placement Phase 2 completed
[50%] Placement Phase 3 completed
Running routing......
[60%] Routing Phase 0 completed
[70%] Routing Phase 1 completed
[80%] Routing Phase 2 completed
[90%] Routing Phase 3 completed
Running timing analysis......
[95%] Timing analysis completed
Placement and routing completed
Bitstream generation in progress......
Bitstream generation completed
Running power analysis......
[100%] Power analysis completed
Generate file "D:\project\gaowinwork\basic_io_demo1\impl\pnr\basic_io_demo1.power.html" completed
Generate file "D:\project\gaowinwork\basic_io_demo1\impl\pnr\basic_io_demo1.pin.html" completed
Generate file "D:\project\gaowinwork\basic_io_demo1\impl\pnr\basic_io_demo1.rpt.html" completed
Generate file "D:\project\gaowinwork\basic_io_demo1\impl\pnr\basic_io_demo1.rpt.txt" completed
Generate file "D:\project\gaowinwork\basic_io_demo1\impl\pnr\basic_io_demo1.tr.html" completed
Fri Sep 08 09:39:15 2023

