GowinSynthesis start
Running parser ...
Analyzing Verilog file 'D:\Experiments\GOWIN\Examples\pwm_demo\src\pwm_demo.v'
Analyzing Verilog file 'D:\Experiments\GOWIN\Examples\pwm_demo\src\pwm_ctrl.v'
Analyzing Verilog file 'D:\Experiments\GOWIN\Examples\pwm_demo\src\freq_div.v'
Analyzing Verilog file 'D:\Experiments\GOWIN\Examples\pwm_demo\src\shift_reg.v'
Analyzing Verilog file 'D:\Experiments\GOWIN\Examples\pwm_demo\src\counter.v'
Analyzing Verilog file 'D:\Experiments\GOWIN\Examples\pwm_demo\src\key_db.v'
Compiling module 'pwm_demo'("D:\Experiments\GOWIN\Examples\pwm_demo\src\pwm_demo.v":3)
Compiling module 'key_db'("D:\Experiments\GOWIN\Examples\pwm_demo\src\key_db.v":3)
Compiling module 'freq_div(DIV_RATE_2N=270000)'("D:\Experiments\GOWIN\Examples\pwm_demo\src\freq_div.v":3)
WARN  (EX2629) : Delay control is not supported for synthesis("D:\Experiments\GOWIN\Examples\pwm_demo\src\freq_div.v":17)
WARN  (EX2629) : Delay control is not supported for synthesis("D:\Experiments\GOWIN\Examples\pwm_demo\src\freq_div.v":18)
WARN  (EX3791) : Expression size 20 truncated to fit in target size 19("D:\Experiments\GOWIN\Examples\pwm_demo\src\freq_div.v":21)
WARN  (EX2629) : Delay control is not supported for synthesis("D:\Experiments\GOWIN\Examples\pwm_demo\src\freq_div.v":21)
WARN  (EX2629) : Delay control is not supported for synthesis("D:\Experiments\GOWIN\Examples\pwm_demo\src\freq_div.v":23)
WARN  (EX2629) : Delay control is not supported for synthesis("D:\Experiments\GOWIN\Examples\pwm_demo\src\freq_div.v":24)
WARN  (EX2428) : Cannot index into scalar type parameter/localparam 'RST_VALUE'("D:\Experiments\GOWIN\Examples\pwm_demo\src\key_db.v":26)
Compiling module 'shift_reg(WIDTH=3,INIT_VALUE=3'b000)'("D:\Experiments\GOWIN\Examples\pwm_demo\src\shift_reg.v":3)
WARN  (EX2629) : Delay control is not supported for synthesis("D:\Experiments\GOWIN\Examples\pwm_demo\src\shift_reg.v":20)
WARN  (EX2629) : Delay control is not supported for synthesis("D:\Experiments\GOWIN\Examples\pwm_demo\src\shift_reg.v":22)
WARN  (EX2629) : Delay control is not supported for synthesis("D:\Experiments\GOWIN\Examples\pwm_demo\src\shift_reg.v":24)
Compiling module 'counter'("D:\Experiments\GOWIN\Examples\pwm_demo\src\counter.v":3)
WARN  (EX2629) : Delay control is not supported for synthesis("D:\Experiments\GOWIN\Examples\pwm_demo\src\counter.v":18)
WARN  (EX2629) : Delay control is not supported for synthesis("D:\Experiments\GOWIN\Examples\pwm_demo\src\counter.v":19)
WARN  (EX2629) : Delay control is not supported for synthesis("D:\Experiments\GOWIN\Examples\pwm_demo\src\counter.v":22)
WARN  (EX3791) : Expression size 5 truncated to fit in target size 4("D:\Experiments\GOWIN\Examples\pwm_demo\src\counter.v":23)
WARN  (EX2629) : Delay control is not supported for synthesis("D:\Experiments\GOWIN\Examples\pwm_demo\src\counter.v":23)
WARN  (EX2629) : Delay control is not supported for synthesis("D:\Experiments\GOWIN\Examples\pwm_demo\src\counter.v":25)
WARN  (EX2629) : Delay control is not supported for synthesis("D:\Experiments\GOWIN\Examples\pwm_demo\src\counter.v":26)
Compiling module 'pwm_ctrl'("D:\Experiments\GOWIN\Examples\pwm_demo\src\pwm_ctrl.v":3)
Compiling module 'counter(WIDTH=16,DATA_MAX=16'hffff)'("D:\Experiments\GOWIN\Examples\pwm_demo\src\counter.v":3)
WARN  (EX2629) : Delay control is not supported for synthesis("D:\Experiments\GOWIN\Examples\pwm_demo\src\counter.v":18)
WARN  (EX2629) : Delay control is not supported for synthesis("D:\Experiments\GOWIN\Examples\pwm_demo\src\counter.v":19)
WARN  (EX2629) : Delay control is not supported for synthesis("D:\Experiments\GOWIN\Examples\pwm_demo\src\counter.v":22)
WARN  (EX3791) : Expression size 17 truncated to fit in target size 16("D:\Experiments\GOWIN\Examples\pwm_demo\src\counter.v":23)
WARN  (EX2629) : Delay control is not supported for synthesis("D:\Experiments\GOWIN\Examples\pwm_demo\src\counter.v":23)
WARN  (EX2629) : Delay control is not supported for synthesis("D:\Experiments\GOWIN\Examples\pwm_demo\src\counter.v":25)
WARN  (EX2629) : Delay control is not supported for synthesis("D:\Experiments\GOWIN\Examples\pwm_demo\src\counter.v":26)
NOTE  (EX0101) : Current top module is "pwm_demo"
[5%] Running netlist conversion ...
Running device independent optimization ...
[10%] Optimizing Phase 0 completed
[15%] Optimizing Phase 1 completed
[25%] Optimizing Phase 2 completed
Running inference ...
[30%] Inferring Phase 0 completed
[40%] Inferring Phase 1 completed
[50%] Inferring Phase 2 completed
[55%] Inferring Phase 3 completed
Running technical mapping ...
[60%] Tech-Mapping Phase 0 completed
[65%] Tech-Mapping Phase 1 completed
[75%] Tech-Mapping Phase 2 completed
[80%] Tech-Mapping Phase 3 completed
[90%] Tech-Mapping Phase 4 completed
[95%] Generate netlist file "D:\Experiments\GOWIN\Examples\pwm_demo\impl\gwsynthesis\pwm_demo.vg" completed
[100%] Generate report file "D:\Experiments\GOWIN\Examples\pwm_demo\impl\gwsynthesis\pwm_demo_syn.rpt.html" completed
GowinSynthesis finish
