C51 COMPILER V9.59.0.0   MAIN                                                              12/29/2022 13:35:02 PAGE 1   


C51 COMPILER V9.59.0.0, COMPILATION OF MODULE MAIN
OBJECT MODULE PLACED IN .\Objects\main.obj
COMPILER INVOKED BY: D:\App\keil_v5\C51\BIN\C51.EXE main.c OPTIMIZE(8,SPEED) BROWSE DEBUG OBJECTEXTEND PRINT(.\Listings\
                    -main.lst) TABS(2) OBJECT(.\Objects\main.obj)

line level    source

   1          sfr P2 = 0xA0;
   2          
   3          typedef unsigned int u16; //对系统默认数据类型进行重定义
   4          typedef unsigned char u8;
   5          
   6          sbit BEEP=P2^5; //将P2.5管脚定义为BEEP
   7          
   8          void delay_10us(u16 ten_us)
   9          {
  10   1        while(ten_us--);  
  11   1      }
  12          
  13          void main()
  14          { 
  15   1        u16 i=2000;
  16   1      
  17   1        while(1)
  18   1        {
  19   2            while(i--)//循环2000次
  20   2          {
  21   3            BEEP=!BEEP;//产生一定频率的脉冲信号
  22   3            delay_10us(100);
  23   3          }
  24   2          i=0;//清零
  25   2          BEEP=0;//关闭蜂鸣器
  26   2        }   
  27   1      }


MODULE INFORMATION:   STATIC OVERLAYABLE
   CODE SIZE        =     43    ----
   CONSTANT SIZE    =   ----    ----
   XDATA SIZE       =   ----    ----
   PDATA SIZE       =   ----    ----
   DATA SIZE        =   ----    ----
   IDATA SIZE       =   ----    ----
   BIT SIZE         =   ----    ----
END OF MODULE INFORMATION.


C51 COMPILATION COMPLETE.  0 WARNING(S),  0 ERROR(S)
