C51 COMPILER V9.59.0.0   MAIN                                                              01/29/2023 16:32:56 PAGE 1   


C51 COMPILER V9.59.0.0, COMPILATION OF MODULE MAIN
OBJECT MODULE PLACED IN .\Objects\main.obj
COMPILER INVOKED BY: D:\App\keil_v5\C51\BIN\C51.EXE main.c OPTIMIZE(8,SPEED) BROWSE DEBUG OBJECTEXTEND PRINT(.\Listings\
                    -main.lst) TABS(2) OBJECT(.\Objects\main.obj)

line level    source

   1          #include <reg52.h>
   2          sbit KEY4 = P3 ^ 3;//按键K4
   3          // 数码管段码0-F
   4          unsigned char SegmentCode[16] =
   5          {0x3F, 0x06, 0x5B, 0x4F, 0x66, 0x6D, 0x7D, 0x07,
   6          0x7F, 0x6F, 0x77, 0x7C, 0x39, 0x5E, 0x79, 0x71};
   7          void Delay10ms() // 延时约10ms
   8          {
   9   1        unsigned int i;
  10   1        i = 1000;
  11   1        while (i--);
  12   1      }
  13          void UART_INT() interrupt 4 // 串口中断函数
  14          {
  15   1        if (RI)
  16   1        {
  17   2          RI = 0; // 接收标志位清0
  18   2          P0 = SegmentCode[SBUF];
  19   2          // 把收到的数据放到数码管中显示出来，仅限于数字00-0F
  20   2        }
  21   1        if (TI)
  22   1        {
  23   2          TI = 0; // 发送标志位清0
  24   2        }
  25   1      }
  26          void main()
  27          {
  28   1        SCON = 0x50; // 配置串口寄存器
  29   1        // PCON |=0x80;//波特率翻倍
  30   1        TMOD = 0x20; // 配置定时器1 模式2
  31   1        TH1 = 0xFD; // 配置重载
  32   1        TL1 = 0xFD; // 配置初始
  33   1        TR1 = 1; // 启动定时器
  34   1        ES = 1; // 打开串口中断
  35   1        EA = 1; // 打开总中断
  36   1        while (1)
  37   1        {
  38   2          if (KEY4 == 0)
  39   2          {
  40   3          Delay10ms(); // 按键消抖
  41   3          if (KEY4 == 0)
  42   3            {
  43   4              while (KEY4 == 0); // 等按键抬起
  44   4              while (TI); // 等发送结束
  45   4              SBUF = 0x01; // 发送数据0x01
  46   4            }
  47   3          }
  48   2        }
  49   1      }


MODULE INFORMATION:   STATIC OVERLAYABLE
   CODE SIZE        =     92    ----
   CONSTANT SIZE    =   ----    ----
C51 COMPILER V9.59.0.0   MAIN                                                              01/29/2023 16:32:56 PAGE 2   

   XDATA SIZE       =   ----    ----
   PDATA SIZE       =   ----    ----
   DATA SIZE        =     16    ----
   IDATA SIZE       =   ----    ----
   BIT SIZE         =   ----    ----
END OF MODULE INFORMATION.


C51 COMPILATION COMPLETE.  0 WARNING(S),  0 ERROR(S)
