C51 COMPILER V9.59.0.0   MAIN                                                              12/29/2022 10:19:37 PAGE 1   


C51 COMPILER V9.59.0.0, COMPILATION OF MODULE MAIN
OBJECT MODULE PLACED IN .\Objects\main.obj
COMPILER INVOKED BY: D:\App\keil_v5\C51\BIN\C51.EXE main.c OPTIMIZE(8,SPEED) BROWSE DEBUG OBJECTEXTEND PRINT(.\Listings\
                    -main.lst) TABS(2) OBJECT(.\Objects\main.obj)

line level    source

   1          //#include "reg52.h"
   2          sfr P2 = 0xA0;
   3          sbit LED7=P2^6; 
   4          void main()
   5          {
   6   1        int i;
   7   1        while(1)
   8   1        {
   9   2          LED7=0; 
  10   2          for(i=0;i<=10000;i++);
  11   2          LED7=1;
  12   2        for(i=0;i<=10000;i++);
  13   2                  
  14   2        }
  15   1      }


MODULE INFORMATION:   STATIC OVERLAYABLE
   CODE SIZE        =     39    ----
   CONSTANT SIZE    =   ----    ----
   XDATA SIZE       =   ----    ----
   PDATA SIZE       =   ----    ----
   DATA SIZE        =   ----    ----
   IDATA SIZE       =   ----    ----
   BIT SIZE         =   ----    ----
END OF MODULE INFORMATION.


C51 COMPILATION COMPLETE.  0 WARNING(S),  0 ERROR(S)
