C51 COMPILER V9.59.0.0   MAIN                                                              12/29/2022 19:28:58 PAGE 1   


C51 COMPILER V9.59.0.0, COMPILATION OF MODULE MAIN
OBJECT MODULE PLACED IN .\Objects\main.obj
COMPILER INVOKED BY: D:\App\keil_v5\C51\BIN\C51.EXE main.c OPTIMIZE(8,SPEED) BROWSE DEBUG OBJECTEXTEND PRINT(.\Listings\
                    -main.lst) TABS(2) OBJECT(.\Objects\main.obj)

line level    source

   1          sfr P0 = 0x80;
   2          sfr P2 = 0xA0;
   3          #define duanxuan  P0  //使用宏定义数码管段码口
   4          
   5          typedef unsigned int u16; //对系统默认数据类型进行重定义
   6          typedef unsigned char u8;
   7          
   8          //定义数码管位选信号控制脚
   9          sbit LSA=P2^2;
  10          sbit LSB=P2^3;
  11          sbit LSC=P2^4;
  12          
  13          //共阴极数码管显示0~F的段码数据
  14          u8 gsmg_code[17]={0x3f,0x06,0x5b,0x4f,0x66,0x6d,0x7d,0x07,
  15                  0x7f,0x6f,0x77,0x7c,0x39,0x5e,0x79,0x71};
  16          
  17          u8 string[8] = { 6,6,6,6,0x0E,6,7,8 };
  18          
  19          void delay_10us(u16 ten_us)
  20          {
  21   1        while(ten_us--);  
  22   1      }
  23          
  24          void smg()
  25          {
  26   1            u8 LSX,i;
  27   1            for(i=0;i<8;i++)
  28   1            {
  29   2              LSX=7-i;
  30   2              LSC=(LSX>>2)&1;LSB=(LSX>>1)&1;LSA=LSX&1;  //段选
  31   2              duanxuan=gsmg_code[string[i]];  //传送段选数据
  32   2              delay_10us(100);  //延时一段时间，等待显示稳定
  33   2              duanxuan=0x00;  //消音
  34   2            }
  35   1      }
  36          
  37          void main()
  38          {  
  39   1            while(1)
  40   1            {
  41   2              smg();
  42   2            }
  43   1      }


MODULE INFORMATION:   STATIC OVERLAYABLE
   CODE SIZE        =     75    ----
   CONSTANT SIZE    =   ----    ----
   XDATA SIZE       =   ----    ----
   PDATA SIZE       =   ----    ----
   DATA SIZE        =     25    ----
   IDATA SIZE       =   ----    ----
   BIT SIZE         =   ----    ----
END OF MODULE INFORMATION.

C51 COMPILER V9.59.0.0   MAIN                                                              12/29/2022 19:28:58 PAGE 2   


C51 COMPILATION COMPLETE.  0 WARNING(S),  0 ERROR(S)
