C51 COMPILER V9.59.0.0   MAIN                                                              01/12/2023 13:14:09 PAGE 1   


C51 COMPILER V9.59.0.0, COMPILATION OF MODULE MAIN
OBJECT MODULE PLACED IN .\Objects\main.obj
COMPILER INVOKED BY: D:\App\keil_v5\C51\BIN\C51.EXE main.c OPTIMIZE(8,SPEED) BROWSE DEBUG OBJECTEXTEND PRINT(.\Listings\
                    -main.lst) TABS(2) OBJECT(.\Objects\main.obj)

line level    source

   1          #include "reg52.h"
   2          #define LEDDZ_COL_PORT P0             //点阵列控制端口
   3          //对系统默认数据类型进行重定义
   4          typedef unsigned int u16; 
   5          typedef unsigned char u8;
   6          
   7          //定义74HC595 控制管脚
   8          sbit shift_reg=P3^6;        //数据输入时钟线
   9          sbit storage_reg=P3^5;      //输出存储器锁存时钟线
  10          sbit serial_dat=P3^4;       //串行数据输入
  11            
  12          u8 Data1[8]={0x00,0x00,0x7E,0x91,0x91,0x91,0x0E,0x00};        // 从左到右依次每列对应的行数据 6
  13          u8 Data2[8]={0x00,0x00,0x40,0x40,0x40,0x7E,0x00,0x00};        //  7
  14          
  15          void delay_10us(u16 ten_us)
  16          {
  17   1        while(ten_us--);
  18   1      }
  19          void delay_ms(u16 ms)
  20            {
  21   1          u16 i,j;
  22   1          for(i=ms;i>0;i--)
  23   1            for(j=110;j>0;j--);
  24   1        }
  25          
  26          
  27          void Send_595(u8 dat)
  28          {
  29   1        u8 i=0;
  30   1        for(i=0;i<8;i++)         //循环8次即可将一个字节写入寄存器中
  31   1        {
  32   2          serial_dat=dat>>7;     //优先传输一个字节中的高位
  33   2          dat<<=1;               //将低位移动到高位
  34   2          shift_reg=0;
  35   2          delay_10us(1);
  36   2          shift_reg=1;           // 0-->1表示上升沿
  37   2          delay_10us(1);        
  38   2        }
  39   1        storage_reg=1;           
  40   1        delay_10us(1);
  41   1        storage_reg=0;           
  42   1      }
  43          
  44          void Matrix_Screen(u8 Data[8])
  45          {
  46   1        u8 i=0;
  47   1        u8 Scan[8]={0x7f,0xbf,0xdf,0xef,0xf7,0xfb,0xfd,0xfe};   
  48   1        for(i=0;i<8;i++)
  49   1          {
  50   2            LEDDZ_COL_PORT=Scan[i];     //选择列有效
  51   2            Send_595(Data[i]);          //传送数据
  52   2            Send_595(0x00);             //消影  
  53   2          }               
  54   1      }
C51 COMPILER V9.59.0.0   MAIN                                                              01/12/2023 13:14:09 PAGE 2   

  55          
  56          void main()
  57          {
  58   1        while(1)
  59   1        {  
  60   2            Matrix_Screen(Data1);     
  61   2            delay_ms(1);
  62   2        }   
  63   1      }


MODULE INFORMATION:   STATIC OVERLAYABLE
   CODE SIZE        =    190    ----
   CONSTANT SIZE    =      8    ----
   XDATA SIZE       =   ----    ----
   PDATA SIZE       =   ----    ----
   DATA SIZE        =     16      12
   IDATA SIZE       =   ----    ----
   BIT SIZE         =   ----    ----
END OF MODULE INFORMATION.


C51 COMPILATION COMPLETE.  0 WARNING(S),  0 ERROR(S)
